<?xml version="1.0" encoding="UTF-8"?>
<!-- Generated by org.testng.reporters.JUnitReportReporter -->
<testsuite hostname="STAR-PC" failures="0" tests="12" name="api.Testcases.TestuserDD" time="29.845" errors="0" timestamp="2023-08-04T10:48:02 IST" skipped="0">
  <testcase classname="api.Testcases.TestuserDD" name="postusers" time="1.225"/>
  <system-out/>
  <testcase classname="api.Testcases.TestuserDD" name="postusers" time="1.240"/>
  <system-out/>
  <testcase classname="api.Testcases.TestuserDD" name="postusers" time="14.661"/>
  <system-out/>
  <testcase classname="api.Testcases.TestuserDD" name="Getusers" time="1.177"/>
  <system-out/>
  <testcase classname="api.Testcases.TestuserDD" name="Getusers" time="2.839"/>
  <system-out/>
  <testcase classname="api.Testcases.TestuserDD" name="Getusers" time="1.565"/>
  <system-out/>
  <testcase classname="api.Testcases.TestuserDD" name="Putusers" time="1.198"/>
  <system-out/>
  <testcase classname="api.Testcases.TestuserDD" name="Putusers" time="1.237"/>
  <system-out/>
  <testcase classname="api.Testcases.TestuserDD" name="Putusers" time="1.204"/>
  <system-out/>
  <testcase classname="api.Testcases.TestuserDD" name="Deleteusers" time="1.186"/>
  <system-out/>
  <testcase classname="api.Testcases.TestuserDD" name="Deleteusers" time="1.142"/>
  <system-out/>
  <testcase classname="api.Testcases.TestuserDD" name="Deleteusers" time="1.171"/>
  <system-out/>
</testsuite> <!-- api.Testcases.TestuserDD -->
