<?xml version="1.0" encoding="UTF-8"?>
<!-- Generated by org.testng.reporters.JUnitReportReporter -->
<testsuite hostname="STAR-PC" failures="0" tests="4" name="api.Testcases.Testuser" time="18.068" errors="0" timestamp="2023-08-01T17:46:13 IST" skipped="0">
  <testcase classname="api.Testcases.Testuser" name="postusers" time="12.966"/>
  <system-out/>
  <testcase classname="api.Testcases.Testuser" name="Getusers" time="1.345"/>
  <system-out/>
  <testcase classname="api.Testcases.Testuser" name="Deleteusers" time="1.244"/>
  <system-out/>
  <testcase classname="api.Testcases.Testuser" name="Putusers" time="2.513"/>
  <system-out/>
</testsuite> <!-- api.Testcases.Testuser -->
