<?xml version="1.0" encoding="UTF-8"?>
<!-- Generated by org.testng.reporters.JUnitReportReporter -->
<testsuite hostname="STAR-PC" failures="0" tests="12" name="api.Testcases.TestuserDD" time="27.730" errors="0" timestamp="2023-08-04T10:53:49 IST" skipped="0">
  <testcase classname="api.Testcases.TestuserDD" name="postusers" time="1.279"/>
  <system-out/>
  <testcase classname="api.Testcases.TestuserDD" name="postusers" time="14.437"/>
  <system-out/>
  <testcase classname="api.Testcases.TestuserDD" name="postusers" time="1.251"/>
  <system-out/>
  <testcase classname="api.Testcases.TestuserDD" name="Getusers" time="1.198"/>
  <system-out/>
  <testcase classname="api.Testcases.TestuserDD" name="Getusers" time="1.208"/>
  <system-out/>
  <testcase classname="api.Testcases.TestuserDD" name="Getusers" time="1.241"/>
  <system-out/>
  <testcase classname="api.Testcases.TestuserDD" name="Putusers" time="1.178"/>
  <system-out/>
  <testcase classname="api.Testcases.TestuserDD" name="Putusers" time="1.190"/>
  <system-out/>
  <testcase classname="api.Testcases.TestuserDD" name="Putusers" time="1.233"/>
  <system-out/>
  <testcase classname="api.Testcases.TestuserDD" name="Deleteusers" time="1.157"/>
  <system-out/>
  <testcase classname="api.Testcases.TestuserDD" name="Deleteusers" time="1.139"/>
  <system-out/>
  <testcase classname="api.Testcases.TestuserDD" name="Deleteusers" time="1.219"/>
  <system-out/>
</testsuite> <!-- api.Testcases.TestuserDD -->
